0 info it worked if it ends with ok
1 verbose cli [ 'C:\\Program Files\\nodejs\\node.exe',
1 verbose cli   'C:\\Program Files\\nodejs\\node_modules\\npm\\bin\\npm-cli.js',
1 verbose cli   'install',
1 verbose cli   'instauuid' ]
2 info using npm@4.0.5
3 info using node@v7.4.0
4 silly loadCurrentTree Starting
5 silly install loadCurrentTree
6 silly install readLocalPackageData
7 silly fetchPackageMetaData instauuid
8 silly fetchNamedPackageData instauuid
9 silly mapToRegistry name instauuid
10 silly mapToRegistry using default registry
11 silly mapToRegistry registry https://registry.npmjs.org/
12 silly mapToRegistry data Result {
12 silly mapToRegistry   raw: 'instauuid',
12 silly mapToRegistry   scope: null,
12 silly mapToRegistry   escapedName: 'instauuid',
12 silly mapToRegistry   name: 'instauuid',
12 silly mapToRegistry   rawSpec: '',
12 silly mapToRegistry   spec: 'latest',
12 silly mapToRegistry   type: 'tag' }
13 silly mapToRegistry uri https://registry.npmjs.org/instauuid
14 verbose request uri https://registry.npmjs.org/instauuid
15 verbose request no auth needed
16 info attempt registry request try #1 at 9:25:34 PM
17 verbose request id f96b3d615626fbf7
18 http request GET https://registry.npmjs.org/instauuid
19 http 200 https://registry.npmjs.org/instauuid
20 verbose headers { server: 'nginx/1.10.1',
20 verbose headers   'content-type': 'application/json',
20 verbose headers   'last-modified': 'Sun, 28 Feb 2016 19:11:57 GMT',
20 verbose headers   etag: 'W/"56d3467d-2863"',
20 verbose headers   'content-encoding': 'gzip',
20 verbose headers   'cache-control': 'max-age=300',
20 verbose headers   'content-length': '3233',
20 verbose headers   'accept-ranges': 'bytes',
20 verbose headers   date: 'Mon, 04 Dec 2017 02:25:38 GMT',
20 verbose headers   via: '1.1 varnish',
20 verbose headers   age: '0',
20 verbose headers   connection: 'keep-alive',
20 verbose headers   'x-served-by': 'cache-jfk8140-JFK',
20 verbose headers   'x-cache': 'MISS',
20 verbose headers   'x-cache-hits': '0',
20 verbose headers   'x-timer': 'S1512354338.080894,VS0,VE95',
20 verbose headers   vary: 'Accept-Encoding, Accept' }
21 silly get cb [ 200,
21 silly get   { server: 'nginx/1.10.1',
21 silly get     'content-type': 'application/json',
21 silly get     'last-modified': 'Sun, 28 Feb 2016 19:11:57 GMT',
21 silly get     etag: 'W/"56d3467d-2863"',
21 silly get     'content-encoding': 'gzip',
21 silly get     'cache-control': 'max-age=300',
21 silly get     'content-length': '3233',
21 silly get     'accept-ranges': 'bytes',
21 silly get     date: 'Mon, 04 Dec 2017 02:25:38 GMT',
21 silly get     via: '1.1 varnish',
21 silly get     age: '0',
21 silly get     connection: 'keep-alive',
21 silly get     'x-served-by': 'cache-jfk8140-JFK',
21 silly get     'x-cache': 'MISS',
21 silly get     'x-cache-hits': '0',
21 silly get     'x-timer': 'S1512354338.080894,VS0,VE95',
21 silly get     vary: 'Accept-Encoding, Accept' } ]
22 verbose get saving instauuid to C:\Users\Frank Wei\AppData\Roaming\npm-cache\registry.npmjs.org\instauuid\.cache.json
23 verbose correctMkdir C:\Users\Frank Wei\AppData\Roaming\npm-cache correctMkdir not in flight; initializing
24 silly install normalizeTree
25 silly loadCurrentTree Finishing
26 silly loadIdealTree Starting
27 silly install loadIdealTree
28 silly cloneCurrentTree Starting
29 silly install cloneCurrentTreeToIdealTree
30 silly cloneCurrentTree Finishing
31 silly loadShrinkwrap Starting
32 silly install loadShrinkwrap
33 silly loadShrinkwrap Finishing
34 silly loadAllDepsIntoIdealTree Starting
35 silly install loadAllDepsIntoIdealTree
36 silly resolveWithNewModule instauuid@1.0.4 checking installable status
37 silly cache add args [ 'instauuid', null ]
38 verbose cache add spec instauuid
39 silly cache add parsed spec Result {
39 silly cache add   raw: 'instauuid',
39 silly cache add   scope: null,
39 silly cache add   escapedName: 'instauuid',
39 silly cache add   name: 'instauuid',
39 silly cache add   rawSpec: '',
39 silly cache add   spec: 'latest',
39 silly cache add   type: 'tag' }
40 silly addNamed instauuid@latest
41 verbose addNamed "latest" is being treated as a dist-tag for instauuid
42 info addNameTag [ 'instauuid', 'latest' ]
43 silly mapToRegistry name instauuid
44 silly mapToRegistry using default registry
45 silly mapToRegistry registry https://registry.npmjs.org/
46 silly mapToRegistry data Result {
46 silly mapToRegistry   raw: 'instauuid',
46 silly mapToRegistry   scope: null,
46 silly mapToRegistry   escapedName: 'instauuid',
46 silly mapToRegistry   name: 'instauuid',
46 silly mapToRegistry   rawSpec: '',
46 silly mapToRegistry   spec: 'latest',
46 silly mapToRegistry   type: 'tag' }
47 silly mapToRegistry uri https://registry.npmjs.org/instauuid
48 verbose addNameTag registry:https://registry.npmjs.org/instauuid not in flight; fetching
49 verbose get https://registry.npmjs.org/instauuid not expired, no request
50 silly addNameTag next cb for instauuid with tag latest
51 silly addNamed instauuid@1.0.4
52 verbose addNamed "1.0.4" is a plain semver version for instauuid
53 silly mapToRegistry name instauuid
54 silly mapToRegistry using default registry
55 silly mapToRegistry registry https://registry.npmjs.org/
56 silly mapToRegistry data Result {
56 silly mapToRegistry   raw: 'instauuid',
56 silly mapToRegistry   scope: null,
56 silly mapToRegistry   escapedName: 'instauuid',
56 silly mapToRegistry   name: 'instauuid',
56 silly mapToRegistry   rawSpec: '',
56 silly mapToRegistry   spec: 'latest',
56 silly mapToRegistry   type: 'tag' }
57 silly mapToRegistry uri https://registry.npmjs.org/instauuid
58 verbose addRemoteTarball https://registry.npmjs.org/instauuid/-/instauuid-1.0.4.tgz not in flight; adding
59 verbose addRemoteTarball [ 'https://registry.npmjs.org/instauuid/-/instauuid-1.0.4.tgz',
59 verbose addRemoteTarball   '6cbbd38d97d898f3630d72f8b09bb5c70c512644' ]
60 info retry fetch attempt 1 at 9:25:35 PM
61 info attempt registry request try #1 at 9:25:35 PM
62 http fetch GET https://registry.npmjs.org/instauuid/-/instauuid-1.0.4.tgz
63 http fetch 200 https://registry.npmjs.org/instauuid/-/instauuid-1.0.4.tgz
64 silly fetchAndShaCheck shasum 6cbbd38d97d898f3630d72f8b09bb5c70c512644
65 verbose addTmpTarball C:\Users\FRANKW~1\AppData\Local\Temp\npm-81524-2915099d\registry.npmjs.org\instauuid\-\instauuid-1.0.4.tgz not in flight; adding
66 verbose addTmpTarball already have metadata; skipping unpack for instauuid@1.0.4
67 verbose correctMkdir C:\Users\Frank Wei\AppData\Roaming\npm-cache correctMkdir not in flight; initializing
68 silly cache afterAdd instauuid@1.0.4
69 verbose afterAdd C:\Users\Frank Wei\AppData\Roaming\npm-cache\instauuid\1.0.4\package\package.json not in flight; writing
70 verbose correctMkdir C:\Users\Frank Wei\AppData\Roaming\npm-cache correctMkdir not in flight; initializing
71 verbose afterAdd C:\Users\Frank Wei\AppData\Roaming\npm-cache\instauuid\1.0.4\package\package.json written
72 silly fetchNamedPackageData long
73 silly mapToRegistry name long
74 silly mapToRegistry using default registry
75 silly mapToRegistry registry https://registry.npmjs.org/
76 silly mapToRegistry data Result {
76 silly mapToRegistry   raw: 'long',
76 silly mapToRegistry   scope: null,
76 silly mapToRegistry   escapedName: 'long',
76 silly mapToRegistry   name: 'long',
76 silly mapToRegistry   rawSpec: '',
76 silly mapToRegistry   spec: 'latest',
76 silly mapToRegistry   type: 'tag' }
77 silly mapToRegistry uri https://registry.npmjs.org/long
78 verbose request uri https://registry.npmjs.org/long
79 verbose request no auth needed
80 info attempt registry request try #1 at 9:25:35 PM
81 http request GET https://registry.npmjs.org/long
82 http 200 https://registry.npmjs.org/long
83 verbose headers { server: 'nginx/1.10.1',
83 verbose headers   'content-type': 'application/json',
83 verbose headers   'last-modified': 'Thu, 16 Nov 2017 21:28:39 GMT',
83 verbose headers   etag: 'W/"5a0e0307-d11a"',
83 verbose headers   'content-encoding': 'gzip',
83 verbose headers   'cache-control': 'max-age=300',
83 verbose headers   'content-length': '6719',
83 verbose headers   'accept-ranges': 'bytes',
83 verbose headers   date: 'Mon, 04 Dec 2017 02:25:38 GMT',
83 verbose headers   via: '1.1 varnish',
83 verbose headers   age: '289',
83 verbose headers   connection: 'keep-alive',
83 verbose headers   'x-served-by': 'cache-jfk8140-JFK',
83 verbose headers   'x-cache': 'HIT',
83 verbose headers   'x-cache-hits': '1',
83 verbose headers   'x-timer': 'S1512354339.551857,VS0,VE0',
83 verbose headers   vary: 'Accept-Encoding, Accept' }
84 silly get cb [ 200,
84 silly get   { server: 'nginx/1.10.1',
84 silly get     'content-type': 'application/json',
84 silly get     'last-modified': 'Thu, 16 Nov 2017 21:28:39 GMT',
84 silly get     etag: 'W/"5a0e0307-d11a"',
84 silly get     'content-encoding': 'gzip',
84 silly get     'cache-control': 'max-age=300',
84 silly get     'content-length': '6719',
84 silly get     'accept-ranges': 'bytes',
84 silly get     date: 'Mon, 04 Dec 2017 02:25:38 GMT',
84 silly get     via: '1.1 varnish',
84 silly get     age: '289',
84 silly get     connection: 'keep-alive',
84 silly get     'x-served-by': 'cache-jfk8140-JFK',
84 silly get     'x-cache': 'HIT',
84 silly get     'x-cache-hits': '1',
84 silly get     'x-timer': 'S1512354339.551857,VS0,VE0',
84 silly get     vary: 'Accept-Encoding, Accept' } ]
85 verbose get saving long to C:\Users\Frank Wei\AppData\Roaming\npm-cache\registry.npmjs.org\long\.cache.json
86 verbose correctMkdir C:\Users\Frank Wei\AppData\Roaming\npm-cache correctMkdir not in flight; initializing
87 silly resolveWithNewModule long@2.4.0 checking installable status
88 silly cache add args [ 'long@^2.2.3', null ]
89 verbose cache add spec long@^2.2.3
90 silly cache add parsed spec Result {
90 silly cache add   raw: 'long@^2.2.3',
90 silly cache add   scope: null,
90 silly cache add   escapedName: 'long',
90 silly cache add   name: 'long',
90 silly cache add   rawSpec: '^2.2.3',
90 silly cache add   spec: '>=2.2.3 <3.0.0',
90 silly cache add   type: 'range' }
91 silly addNamed long@>=2.2.3 <3.0.0
92 verbose addNamed ">=2.2.3 <3.0.0" is a valid semver range for long
93 silly addNameRange { name: 'long', range: '>=2.2.3 <3.0.0', hasData: false }
94 silly mapToRegistry name long
95 silly mapToRegistry using default registry
96 silly mapToRegistry registry https://registry.npmjs.org/
97 silly mapToRegistry data Result {
97 silly mapToRegistry   raw: 'long',
97 silly mapToRegistry   scope: null,
97 silly mapToRegistry   escapedName: 'long',
97 silly mapToRegistry   name: 'long',
97 silly mapToRegistry   rawSpec: '',
97 silly mapToRegistry   spec: 'latest',
97 silly mapToRegistry   type: 'tag' }
98 silly mapToRegistry uri https://registry.npmjs.org/long
99 verbose addNameRange registry:https://registry.npmjs.org/long not in flight; fetching
100 verbose get https://registry.npmjs.org/long not expired, no request
101 silly addNameRange number 2 { name: 'long', range: '>=2.2.3 <3.0.0', hasData: true }
102 silly addNameRange versions [ 'long',
102 silly addNameRange   [ '1.0.0',
102 silly addNameRange     '1.0.1',
102 silly addNameRange     '1.1.0',
102 silly addNameRange     '1.1.1',
102 silly addNameRange     '1.1.2',
102 silly addNameRange     '1.1.4',
102 silly addNameRange     '1.1.5',
102 silly addNameRange     '1.2.0',
102 silly addNameRange     '1.2.1',
102 silly addNameRange     '1.2.3',
102 silly addNameRange     '2.0.0',
102 silly addNameRange     '2.0.1',
102 silly addNameRange     '2.1.0',
102 silly addNameRange     '2.2.0',
102 silly addNameRange     '2.2.1',
102 silly addNameRange     '2.2.2',
102 silly addNameRange     '2.2.3',
102 silly addNameRange     '2.2.4',
102 silly addNameRange     '2.2.5',
102 silly addNameRange     '2.3.0',
102 silly addNameRange     '2.4.0',
102 silly addNameRange     '3.0.0',
102 silly addNameRange     '3.0.1',
102 silly addNameRange     '3.0.3',
102 silly addNameRange     '3.1.0',
102 silly addNameRange     '3.2.0' ] ]
103 silly addNamed long@2.4.0
104 verbose addNamed "2.4.0" is a plain semver version for long
105 silly mapToRegistry name long
106 silly mapToRegistry using default registry
107 silly mapToRegistry registry https://registry.npmjs.org/
108 silly mapToRegistry data Result {
108 silly mapToRegistry   raw: 'long',
108 silly mapToRegistry   scope: null,
108 silly mapToRegistry   escapedName: 'long',
108 silly mapToRegistry   name: 'long',
108 silly mapToRegistry   rawSpec: '',
108 silly mapToRegistry   spec: 'latest',
108 silly mapToRegistry   type: 'tag' }
109 silly mapToRegistry uri https://registry.npmjs.org/long
110 verbose addRemoteTarball https://registry.npmjs.org/long/-/long-2.4.0.tgz not in flight; adding
111 verbose addRemoteTarball [ 'https://registry.npmjs.org/long/-/long-2.4.0.tgz',
111 verbose addRemoteTarball   '9fa180bb1d9500cdc29c4156766a1995e1f4524f' ]
112 info retry fetch attempt 1 at 9:25:35 PM
113 info attempt registry request try #1 at 9:25:35 PM
114 http fetch GET https://registry.npmjs.org/long/-/long-2.4.0.tgz
115 http fetch 200 https://registry.npmjs.org/long/-/long-2.4.0.tgz
116 silly fetchAndShaCheck shasum 9fa180bb1d9500cdc29c4156766a1995e1f4524f
117 verbose addTmpTarball C:\Users\FRANKW~1\AppData\Local\Temp\npm-81524-2915099d\registry.npmjs.org\long\-\long-2.4.0.tgz not in flight; adding
118 verbose addTmpTarball already have metadata; skipping unpack for long@2.4.0
119 verbose correctMkdir C:\Users\Frank Wei\AppData\Roaming\npm-cache correctMkdir not in flight; initializing
120 silly cache afterAdd long@2.4.0
121 verbose afterAdd C:\Users\Frank Wei\AppData\Roaming\npm-cache\long\2.4.0\package\package.json not in flight; writing
122 verbose correctMkdir C:\Users\Frank Wei\AppData\Roaming\npm-cache correctMkdir not in flight; initializing
123 verbose afterAdd C:\Users\Frank Wei\AppData\Roaming\npm-cache\long\2.4.0\package\package.json written
124 silly loadAllDepsIntoIdealTree Finishing
125 silly loadIdealTree Finishing
126 silly currentTree large_scale_final_project@1.0.0
126 silly currentTree +-- abbrev@1.1.1
126 silly currentTree +-- accepts@1.3.4
126 silly currentTree +-- ajv@5.5.1
126 silly currentTree +-- align-text@0.1.4
126 silly currentTree +-- amdefine@1.0.1
126 silly currentTree +-- ansi-regex@2.1.1
126 silly currentTree +-- aproba@1.2.0
126 silly currentTree +-- are-we-there-yet@1.1.4
126 silly currentTree +-- array-flatten@1.1.1
126 silly currentTree +-- asn1@0.2.3
126 silly currentTree +-- assert-plus@1.0.0
126 silly currentTree +-- async@1.5.2
126 silly currentTree +-- asynckit@0.4.0
126 silly currentTree +-- aws-sign2@0.7.0
126 silly currentTree +-- aws4@1.6.0
126 silly currentTree +-- balanced-match@1.0.0
126 silly currentTree +-- basic-auth@2.0.0
126 silly currentTree +-- bcrypt-pbkdf@1.0.1
126 silly currentTree +-- bcrypt@1.0.3
126 silly currentTree +-- block-stream@0.0.9
126 silly currentTree +-- body-parser@1.18.2
126 silly currentTree +-- boom@4.3.1
126 silly currentTree +-- brace-expansion@1.1.8
126 silly currentTree +-- buffer-writer@1.0.1
126 silly currentTree +-- bytes@3.0.0
126 silly currentTree +-- camelcase@1.2.1
126 silly currentTree +-- caseless@0.12.0
126 silly currentTree +-- center-align@0.1.3
126 silly currentTree +-- cliui@2.1.0
126 silly currentTree | `-- wordwrap@0.0.2
126 silly currentTree +-- co@4.6.0
126 silly currentTree +-- code-point-at@1.1.0
126 silly currentTree +-- combined-stream@1.0.5
126 silly currentTree +-- concat-map@0.0.1
126 silly currentTree +-- connect-flash@0.1.1
126 silly currentTree +-- console-control-strings@1.1.0
126 silly currentTree +-- content-disposition@0.5.2
126 silly currentTree +-- content-type@1.0.4
126 silly currentTree +-- cookie-parser@1.4.3
126 silly currentTree +-- cookie-signature@1.0.6
126 silly currentTree +-- cookie@0.3.1
126 silly currentTree +-- core-util-is@1.0.2
126 silly currentTree +-- crc@3.4.4
126 silly currentTree +-- cryptiles@3.1.2
126 silly currentTree | `-- boom@5.2.0
126 silly currentTree +-- dashdash@1.14.1
126 silly currentTree +-- debug@2.6.9
126 silly currentTree +-- decamelize@1.2.0
126 silly currentTree +-- deep-extend@0.4.2
126 silly currentTree +-- delayed-stream@1.0.0
126 silly currentTree +-- delegates@1.0.0
126 silly currentTree +-- depd@1.1.1
126 silly currentTree +-- destroy@1.0.4
126 silly currentTree +-- ecc-jsbn@0.1.1
126 silly currentTree +-- ee-first@1.1.1
126 silly currentTree +-- encodeurl@1.0.1
126 silly currentTree +-- escape-html@1.0.3
126 silly currentTree +-- etag@1.8.1
126 silly currentTree +-- express-session@1.15.6
126 silly currentTree +-- express@4.16.2
126 silly currentTree | +-- setprototypeof@1.1.0
126 silly currentTree | `-- statuses@1.3.1
126 silly currentTree +-- extend@3.0.1
126 silly currentTree +-- extsprintf@1.3.0
126 silly currentTree +-- fast-deep-equal@1.0.0
126 silly currentTree +-- fast-json-stable-stringify@2.0.0
126 silly currentTree +-- finalhandler@1.1.0
126 silly currentTree | `-- statuses@1.3.1
126 silly currentTree +-- flash@1.1.0
126 silly currentTree +-- foreachasync@3.0.0
126 silly currentTree +-- forever-agent@0.6.1
126 silly currentTree +-- form-data@2.3.1
126 silly currentTree +-- forwarded@0.1.2
126 silly currentTree +-- fresh@0.5.2
126 silly currentTree +-- fs.realpath@1.0.0
126 silly currentTree +-- fstream-ignore@1.0.5
126 silly currentTree +-- fstream@1.0.11
126 silly currentTree +-- gauge@2.7.4
126 silly currentTree +-- getpass@0.1.7
126 silly currentTree +-- glob@7.1.2
126 silly currentTree +-- graceful-fs@4.1.11
126 silly currentTree +-- handlebars@4.0.5
126 silly currentTree +-- har-schema@2.0.0
126 silly currentTree +-- har-validator@5.0.3
126 silly currentTree +-- has-unicode@2.0.1
126 silly currentTree +-- hawk@6.0.2
126 silly currentTree +-- hbs@4.0.1
126 silly currentTree +-- hoek@4.2.0
126 silly currentTree +-- http-errors@1.6.2
126 silly currentTree +-- http-signature@1.2.0
126 silly currentTree +-- iconv-lite@0.4.19
126 silly currentTree +-- inflight@1.0.6
126 silly currentTree +-- inherits@2.0.3
126 silly currentTree +-- ini@1.3.5
126 silly currentTree +-- ipaddr.js@1.5.2
126 silly currentTree +-- is-buffer@1.1.6
126 silly currentTree +-- is-fullwidth-code-point@1.0.0
126 silly currentTree +-- is-typedarray@1.0.0
126 silly currentTree +-- isarray@1.0.0
126 silly currentTree +-- isstream@0.1.2
126 silly currentTree +-- js-string-escape@1.0.1
126 silly currentTree +-- jsbn@0.1.1
126 silly currentTree +-- json-schema-traverse@0.3.1
126 silly currentTree +-- json-schema@0.2.3
126 silly currentTree +-- json-stringify-safe@5.0.1
126 silly currentTree +-- jsprim@1.4.1
126 silly currentTree +-- kind-of@3.2.2
126 silly currentTree +-- lazy-cache@1.0.4
126 silly currentTree +-- longest@1.0.1
126 silly currentTree +-- media-typer@0.3.0
126 silly currentTree +-- merge-descriptors@1.0.1
126 silly currentTree +-- methods@1.1.2
126 silly currentTree +-- mime-db@1.30.0
126 silly currentTree +-- mime-types@2.1.17
126 silly currentTree +-- mime@1.4.1
126 silly currentTree +-- minimatch@3.0.4
126 silly currentTree +-- minimist@0.0.10
126 silly currentTree +-- mkdirp@0.5.1
126 silly currentTree | `-- minimist@0.0.8
126 silly currentTree +-- morgan@1.9.0
126 silly currentTree +-- ms@2.0.0
126 silly currentTree +-- nan@2.6.2
126 silly currentTree +-- negotiator@0.6.1
126 silly currentTree +-- node-pre-gyp@0.6.36
126 silly currentTree | `-- semver@5.4.1
126 silly currentTree +-- nopt@4.0.1
126 silly currentTree +-- npmlog@4.1.2
126 silly currentTree +-- number-is-nan@1.0.1
126 silly currentTree +-- oauth-sign@0.8.2
126 silly currentTree +-- object-assign@4.1.1
126 silly currentTree +-- on-finished@2.3.0
126 silly currentTree +-- on-headers@1.0.1
126 silly currentTree +-- once@1.4.0
126 silly currentTree +-- optimist@0.6.1
126 silly currentTree +-- os-homedir@1.0.2
126 silly currentTree +-- os-tmpdir@1.0.2
126 silly currentTree +-- osenv@0.1.4
126 silly currentTree +-- packet-reader@0.3.1
126 silly currentTree +-- parseurl@1.3.2
126 silly currentTree +-- passport-local@1.0.0
126 silly currentTree +-- passport-strategy@1.0.0
126 silly currentTree +-- passport@0.4.0
126 silly currentTree +-- path-is-absolute@1.0.1
126 silly currentTree +-- path-to-regexp@0.1.7
126 silly currentTree +-- pause@0.0.1
126 silly currentTree +-- performance-now@2.1.0
126 silly currentTree +-- pg-connection-string@0.1.3
126 silly currentTree +-- pg-pool@2.0.3
126 silly currentTree +-- pg-types@1.12.1
126 silly currentTree +-- pg@7.4.0
126 silly currentTree +-- pgpass@1.0.2
126 silly currentTree +-- postgres-array@1.0.2
126 silly currentTree +-- postgres-bytea@1.0.0
126 silly currentTree +-- postgres-date@1.0.3
126 silly currentTree +-- postgres-interval@1.1.1
126 silly currentTree +-- process-nextick-args@1.0.7
126 silly currentTree +-- proxy-addr@2.0.2
126 silly currentTree +-- punycode@1.4.1
126 silly currentTree +-- qs@6.5.1
126 silly currentTree +-- random-bytes@1.0.0
126 silly currentTree +-- range-parser@1.2.0
126 silly currentTree +-- raw-body@2.3.2
126 silly currentTree +-- rc@1.2.2
126 silly currentTree | `-- minimist@1.2.0
126 silly currentTree +-- readable-stream@2.3.3
126 silly currentTree +-- repeat-string@1.6.1
126 silly currentTree +-- request@2.83.0
126 silly currentTree +-- right-align@0.1.3
126 silly currentTree +-- rimraf@2.6.2
126 silly currentTree +-- safe-buffer@5.1.1
126 silly currentTree +-- semver@4.3.2
126 silly currentTree +-- send@0.16.1
126 silly currentTree | `-- statuses@1.3.1
126 silly currentTree +-- serve-static@1.13.1
126 silly currentTree +-- set-blocking@2.0.0
126 silly currentTree +-- setprototypeof@1.0.3
126 silly currentTree +-- signal-exit@3.0.2
126 silly currentTree +-- sntp@2.1.0
126 silly currentTree +-- source-map@0.4.4
126 silly currentTree +-- split@1.0.1
126 silly currentTree +-- sshpk@1.13.1
126 silly currentTree +-- statuses@1.4.0
126 silly currentTree +-- string_decoder@1.0.3
126 silly currentTree +-- string-width@1.0.2
126 silly currentTree +-- stringstream@0.0.5
126 silly currentTree +-- strip-ansi@3.0.1
126 silly currentTree +-- strip-json-comments@2.0.1
126 silly currentTree +-- tar-pack@3.4.1
126 silly currentTree +-- tar@2.2.1
126 silly currentTree +-- through@2.3.8
126 silly currentTree +-- tough-cookie@2.3.3
126 silly currentTree +-- tunnel-agent@0.6.0
126 silly currentTree +-- tweetnacl@0.14.5
126 silly currentTree +-- type-is@1.6.15
126 silly currentTree +-- uglify-js@2.8.29
126 silly currentTree | `-- source-map@0.5.7
126 silly currentTree +-- uglify-to-browserify@1.0.2
126 silly currentTree +-- uid-number@0.0.6
126 silly currentTree +-- uid-safe@2.1.5
126 silly currentTree +-- unpipe@1.0.0
126 silly currentTree +-- util-deprecate@1.0.2
126 silly currentTree +-- utils-merge@1.0.1
126 silly currentTree +-- uuid@3.1.0
126 silly currentTree +-- vary@1.1.2
126 silly currentTree +-- verror@1.10.0
126 silly currentTree +-- walk@2.3.9
126 silly currentTree +-- wide-align@1.1.2
126 silly currentTree +-- window-size@0.1.0
126 silly currentTree +-- wordwrap@0.0.3
126 silly currentTree +-- wrappy@1.0.2
126 silly currentTree +-- xtend@4.0.1
126 silly currentTree `-- yargs@3.10.0
127 silly idealTree large_scale_final_project@1.0.0
127 silly idealTree +-- abbrev@1.1.1
127 silly idealTree +-- accepts@1.3.4
127 silly idealTree +-- ajv@5.5.1
127 silly idealTree +-- align-text@0.1.4
127 silly idealTree +-- amdefine@1.0.1
127 silly idealTree +-- ansi-regex@2.1.1
127 silly idealTree +-- aproba@1.2.0
127 silly idealTree +-- are-we-there-yet@1.1.4
127 silly idealTree +-- array-flatten@1.1.1
127 silly idealTree +-- asn1@0.2.3
127 silly idealTree +-- assert-plus@1.0.0
127 silly idealTree +-- async@1.5.2
127 silly idealTree +-- asynckit@0.4.0
127 silly idealTree +-- aws-sign2@0.7.0
127 silly idealTree +-- aws4@1.6.0
127 silly idealTree +-- balanced-match@1.0.0
127 silly idealTree +-- basic-auth@2.0.0
127 silly idealTree +-- bcrypt-pbkdf@1.0.1
127 silly idealTree +-- bcrypt@1.0.3
127 silly idealTree +-- block-stream@0.0.9
127 silly idealTree +-- body-parser@1.18.2
127 silly idealTree +-- boom@4.3.1
127 silly idealTree +-- brace-expansion@1.1.8
127 silly idealTree +-- buffer-writer@1.0.1
127 silly idealTree +-- bytes@3.0.0
127 silly idealTree +-- camelcase@1.2.1
127 silly idealTree +-- caseless@0.12.0
127 silly idealTree +-- center-align@0.1.3
127 silly idealTree +-- cliui@2.1.0
127 silly idealTree | `-- wordwrap@0.0.2
127 silly idealTree +-- co@4.6.0
127 silly idealTree +-- code-point-at@1.1.0
127 silly idealTree +-- combined-stream@1.0.5
127 silly idealTree +-- concat-map@0.0.1
127 silly idealTree +-- connect-flash@0.1.1
127 silly idealTree +-- console-control-strings@1.1.0
127 silly idealTree +-- content-disposition@0.5.2
127 silly idealTree +-- content-type@1.0.4
127 silly idealTree +-- cookie-parser@1.4.3
127 silly idealTree +-- cookie-signature@1.0.6
127 silly idealTree +-- cookie@0.3.1
127 silly idealTree +-- core-util-is@1.0.2
127 silly idealTree +-- crc@3.4.4
127 silly idealTree +-- cryptiles@3.1.2
127 silly idealTree | `-- boom@5.2.0
127 silly idealTree +-- dashdash@1.14.1
127 silly idealTree +-- debug@2.6.9
127 silly idealTree +-- decamelize@1.2.0
127 silly idealTree +-- deep-extend@0.4.2
127 silly idealTree +-- delayed-stream@1.0.0
127 silly idealTree +-- delegates@1.0.0
127 silly idealTree +-- depd@1.1.1
127 silly idealTree +-- destroy@1.0.4
127 silly idealTree +-- ecc-jsbn@0.1.1
127 silly idealTree +-- ee-first@1.1.1
127 silly idealTree +-- encodeurl@1.0.1
127 silly idealTree +-- escape-html@1.0.3
127 silly idealTree +-- etag@1.8.1
127 silly idealTree +-- express-session@1.15.6
127 silly idealTree +-- express@4.16.2
127 silly idealTree | +-- setprototypeof@1.1.0
127 silly idealTree | `-- statuses@1.3.1
127 silly idealTree +-- extend@3.0.1
127 silly idealTree +-- extsprintf@1.3.0
127 silly idealTree +-- fast-deep-equal@1.0.0
127 silly idealTree +-- fast-json-stable-stringify@2.0.0
127 silly idealTree +-- finalhandler@1.1.0
127 silly idealTree | `-- statuses@1.3.1
127 silly idealTree +-- flash@1.1.0
127 silly idealTree +-- foreachasync@3.0.0
127 silly idealTree +-- forever-agent@0.6.1
127 silly idealTree +-- form-data@2.3.1
127 silly idealTree +-- forwarded@0.1.2
127 silly idealTree +-- fresh@0.5.2
127 silly idealTree +-- fs.realpath@1.0.0
127 silly idealTree +-- fstream-ignore@1.0.5
127 silly idealTree +-- fstream@1.0.11
127 silly idealTree +-- gauge@2.7.4
127 silly idealTree +-- getpass@0.1.7
127 silly idealTree +-- glob@7.1.2
127 silly idealTree +-- graceful-fs@4.1.11
127 silly idealTree +-- handlebars@4.0.5
127 silly idealTree +-- har-schema@2.0.0
127 silly idealTree +-- har-validator@5.0.3
127 silly idealTree +-- has-unicode@2.0.1
127 silly idealTree +-- hawk@6.0.2
127 silly idealTree +-- hbs@4.0.1
127 silly idealTree +-- hoek@4.2.0
127 silly idealTree +-- http-errors@1.6.2
127 silly idealTree +-- http-signature@1.2.0
127 silly idealTree +-- iconv-lite@0.4.19
127 silly idealTree +-- inflight@1.0.6
127 silly idealTree +-- inherits@2.0.3
127 silly idealTree +-- ini@1.3.5
127 silly idealTree +-- instauuid@1.0.4
127 silly idealTree +-- ipaddr.js@1.5.2
127 silly idealTree +-- is-buffer@1.1.6
127 silly idealTree +-- is-fullwidth-code-point@1.0.0
127 silly idealTree +-- is-typedarray@1.0.0
127 silly idealTree +-- isarray@1.0.0
127 silly idealTree +-- isstream@0.1.2
127 silly idealTree +-- js-string-escape@1.0.1
127 silly idealTree +-- jsbn@0.1.1
127 silly idealTree +-- json-schema-traverse@0.3.1
127 silly idealTree +-- json-schema@0.2.3
127 silly idealTree +-- json-stringify-safe@5.0.1
127 silly idealTree +-- jsprim@1.4.1
127 silly idealTree +-- kind-of@3.2.2
127 silly idealTree +-- lazy-cache@1.0.4
127 silly idealTree +-- long@2.4.0
127 silly idealTree +-- longest@1.0.1
127 silly idealTree +-- media-typer@0.3.0
127 silly idealTree +-- merge-descriptors@1.0.1
127 silly idealTree +-- methods@1.1.2
127 silly idealTree +-- mime-db@1.30.0
127 silly idealTree +-- mime-types@2.1.17
127 silly idealTree +-- mime@1.4.1
127 silly idealTree +-- minimatch@3.0.4
127 silly idealTree +-- minimist@0.0.10
127 silly idealTree +-- mkdirp@0.5.1
127 silly idealTree | `-- minimist@0.0.8
127 silly idealTree +-- morgan@1.9.0
127 silly idealTree +-- ms@2.0.0
127 silly idealTree +-- nan@2.6.2
127 silly idealTree +-- negotiator@0.6.1
127 silly idealTree +-- node-pre-gyp@0.6.36
127 silly idealTree | `-- semver@5.4.1
127 silly idealTree +-- nopt@4.0.1
127 silly idealTree +-- npmlog@4.1.2
127 silly idealTree +-- number-is-nan@1.0.1
127 silly idealTree +-- oauth-sign@0.8.2
127 silly idealTree +-- object-assign@4.1.1
127 silly idealTree +-- on-finished@2.3.0
127 silly idealTree +-- on-headers@1.0.1
127 silly idealTree +-- once@1.4.0
127 silly idealTree +-- optimist@0.6.1
127 silly idealTree +-- os-homedir@1.0.2
127 silly idealTree +-- os-tmpdir@1.0.2
127 silly idealTree +-- osenv@0.1.4
127 silly idealTree +-- packet-reader@0.3.1
127 silly idealTree +-- parseurl@1.3.2
127 silly idealTree +-- passport-local@1.0.0
127 silly idealTree +-- passport-strategy@1.0.0
127 silly idealTree +-- passport@0.4.0
127 silly idealTree +-- path-is-absolute@1.0.1
127 silly idealTree +-- path-to-regexp@0.1.7
127 silly idealTree +-- pause@0.0.1
127 silly idealTree +-- performance-now@2.1.0
127 silly idealTree +-- pg-connection-string@0.1.3
127 silly idealTree +-- pg-pool@2.0.3
127 silly idealTree +-- pg-types@1.12.1
127 silly idealTree +-- pg@7.4.0
127 silly idealTree +-- pgpass@1.0.2
127 silly idealTree +-- postgres-array@1.0.2
127 silly idealTree +-- postgres-bytea@1.0.0
127 silly idealTree +-- postgres-date@1.0.3
127 silly idealTree +-- postgres-interval@1.1.1
127 silly idealTree +-- process-nextick-args@1.0.7
127 silly idealTree +-- proxy-addr@2.0.2
127 silly idealTree +-- punycode@1.4.1
127 silly idealTree +-- qs@6.5.1
127 silly idealTree +-- random-bytes@1.0.0
127 silly idealTree +-- range-parser@1.2.0
127 silly idealTree +-- raw-body@2.3.2
127 silly idealTree +-- rc@1.2.2
127 silly idealTree | `-- minimist@1.2.0
127 silly idealTree +-- readable-stream@2.3.3
127 silly idealTree +-- repeat-string@1.6.1
127 silly idealTree +-- request@2.83.0
127 silly idealTree +-- right-align@0.1.3
127 silly idealTree +-- rimraf@2.6.2
127 silly idealTree +-- safe-buffer@5.1.1
127 silly idealTree +-- semver@4.3.2
127 silly idealTree +-- send@0.16.1
127 silly idealTree | `-- statuses@1.3.1
127 silly idealTree +-- serve-static@1.13.1
127 silly idealTree +-- set-blocking@2.0.0
127 silly idealTree +-- setprototypeof@1.0.3
127 silly idealTree +-- signal-exit@3.0.2
127 silly idealTree +-- sntp@2.1.0
127 silly idealTree +-- source-map@0.4.4
127 silly idealTree +-- split@1.0.1
127 silly idealTree +-- sshpk@1.13.1
127 silly idealTree +-- statuses@1.4.0
127 silly idealTree +-- string_decoder@1.0.3
127 silly idealTree +-- string-width@1.0.2
127 silly idealTree +-- stringstream@0.0.5
127 silly idealTree +-- strip-ansi@3.0.1
127 silly idealTree +-- strip-json-comments@2.0.1
127 silly idealTree +-- tar-pack@3.4.1
127 silly idealTree +-- tar@2.2.1
127 silly idealTree +-- through@2.3.8
127 silly idealTree +-- tough-cookie@2.3.3
127 silly idealTree +-- tunnel-agent@0.6.0
127 silly idealTree +-- tweetnacl@0.14.5
127 silly idealTree +-- type-is@1.6.15
127 silly idealTree +-- uglify-js@2.8.29
127 silly idealTree | `-- source-map@0.5.7
127 silly idealTree +-- uglify-to-browserify@1.0.2
127 silly idealTree +-- uid-number@0.0.6
127 silly idealTree +-- uid-safe@2.1.5
127 silly idealTree +-- unpipe@1.0.0
127 silly idealTree +-- util-deprecate@1.0.2
127 silly idealTree +-- utils-merge@1.0.1
127 silly idealTree +-- uuid@3.1.0
127 silly idealTree +-- vary@1.1.2
127 silly idealTree +-- verror@1.10.0
127 silly idealTree +-- walk@2.3.9
127 silly idealTree +-- wide-align@1.1.2
127 silly idealTree +-- window-size@0.1.0
127 silly idealTree +-- wordwrap@0.0.3
127 silly idealTree +-- wrappy@1.0.2
127 silly idealTree +-- xtend@4.0.1
127 silly idealTree `-- yargs@3.10.0
128 silly generateActionsToTake Starting
129 silly install generateActionsToTake
130 silly generateActionsToTake Finishing
131 silly diffTrees action count 2
132 silly diffTrees add long@2.4.0
133 silly diffTrees add instauuid@1.0.4
134 silly decomposeActions action count 16
135 silly decomposeActions fetch long@2.4.0
136 silly decomposeActions extract long@2.4.0
137 silly decomposeActions test long@2.4.0
138 silly decomposeActions preinstall long@2.4.0
139 silly decomposeActions build long@2.4.0
140 silly decomposeActions install long@2.4.0
141 silly decomposeActions postinstall long@2.4.0
142 silly decomposeActions finalize long@2.4.0
143 silly decomposeActions fetch instauuid@1.0.4
144 silly decomposeActions extract instauuid@1.0.4
145 silly decomposeActions test instauuid@1.0.4
146 silly decomposeActions preinstall instauuid@1.0.4
147 silly decomposeActions build instauuid@1.0.4
148 silly decomposeActions install instauuid@1.0.4
149 silly decomposeActions postinstall instauuid@1.0.4
150 silly decomposeActions finalize instauuid@1.0.4
151 silly runTopLevelLifecycles Starting
152 silly executeActions Starting
153 silly install executeActions
154 silly doSerial global-install 0
155 silly doParallel fetch 2
156 verbose correctMkdir C:\Users\Frank Wei\AppData\Roaming\npm-cache\_locks correctMkdir not in flight; initializing
157 verbose lock using C:\Users\Frank Wei\AppData\Roaming\npm-cache\_locks\staging-9037fb476292e9f9.lock for C:\Users\Frank Wei\Desktop\largescale\large_scale_final_project\node_modules\.staging
158 silly doParallel extract 2
159 silly extract long@2.4.0
160 silly extract instauuid@1.0.4
161 verbose unbuild node_modules\.staging\long-509632f6
162 verbose unbuild node_modules\.staging\instauuid-64d0c856
163 silly gentlyRm C:\Users\Frank Wei\Desktop\largescale\large_scale_final_project\node_modules\.staging\long-509632f6 is being purged from base C:\Users\Frank Wei\Desktop\largescale\large_scale_final_project
164 verbose gentlyRm don't care about contents; nuking C:\Users\Frank Wei\Desktop\largescale\large_scale_final_project\node_modules\.staging\long-509632f6
165 verbose tar unpack C:\Users\Frank Wei\AppData\Roaming\npm-cache\long\2.4.0\package.tgz
166 verbose tar unpacking to C:\Users\Frank Wei\Desktop\largescale\large_scale_final_project\node_modules\.staging\long-509632f6
167 silly gentlyRm C:\Users\Frank Wei\Desktop\largescale\large_scale_final_project\node_modules\.staging\long-509632f6 is being purged
168 verbose gentlyRm don't care about contents; nuking C:\Users\Frank Wei\Desktop\largescale\large_scale_final_project\node_modules\.staging\long-509632f6
169 silly gentlyRm C:\Users\Frank Wei\Desktop\largescale\large_scale_final_project\node_modules\.staging\instauuid-64d0c856 is being purged from base C:\Users\Frank Wei\Desktop\largescale\large_scale_final_project
170 verbose gentlyRm don't care about contents; nuking C:\Users\Frank Wei\Desktop\largescale\large_scale_final_project\node_modules\.staging\instauuid-64d0c856
171 silly gunzTarPerm modes [ '777', '666' ]
172 verbose tar unpack C:\Users\Frank Wei\AppData\Roaming\npm-cache\instauuid\1.0.4\package.tgz
173 verbose tar unpacking to C:\Users\Frank Wei\Desktop\largescale\large_scale_final_project\node_modules\.staging\instauuid-64d0c856
174 silly gentlyRm C:\Users\Frank Wei\Desktop\largescale\large_scale_final_project\node_modules\.staging\instauuid-64d0c856 is being purged
175 verbose gentlyRm don't care about contents; nuking C:\Users\Frank Wei\Desktop\largescale\large_scale_final_project\node_modules\.staging\instauuid-64d0c856
176 silly gunzTarPerm modes [ '777', '666' ]
177 silly gunzTarPerm extractEntry package.json
178 silly gunzTarPerm extractEntry package.json
179 silly gunzTarPerm modified mode [ 'package.json', 420, 438 ]
180 silly gunzTarPerm extractEntry .npmignore
181 silly gunzTarPerm extractEntry README.md
182 silly gunzTarPerm extractEntry .npmignore
183 silly gunzTarPerm modified mode [ '.npmignore', 420, 438 ]
184 silly gunzTarPerm extractEntry README.md
185 silly gunzTarPerm modified mode [ 'README.md', 420, 438 ]
186 silly gunzTarPerm extractEntry LICENSE
187 silly gunzTarPerm modified mode [ 'LICENSE', 420, 438 ]
188 silly gunzTarPerm extractEntry index.js
189 silly gunzTarPerm modified mode [ 'index.js', 420, 438 ]
190 silly gunzTarPerm extractEntry LICENSE
191 silly gunzTarPerm extractEntry index.js
192 silly gunzTarPerm extractEntry doco/INDEX.md
193 silly gunzTarPerm extractEntry generator.cc
194 silly gunzTarPerm modified mode [ 'generator.cc', 420, 438 ]
195 silly gunzTarPerm extractEntry binding.gyp
196 silly gunzTarPerm modified mode [ 'binding.gyp', 420, 438 ]
197 silly gunzTarPerm extractEntry test/test.js
198 silly gunzTarPerm modified mode [ 'test/test.js', 420, 438 ]
199 silly gunzTarPerm extractEntry doco/Long.md
200 silly gunzTarPerm extractEntry bower.json
201 silly gunzTarPerm extractEntry dist/README.md
202 silly gunzTarPerm extractEntry dist/Long.js
203 silly gunzTarPerm extractEntry dist/Long.min.js
204 silly gunzTarPerm extractEntry dist/Long.min.js.gz
205 silly gunzTarPerm extractEntry dist/Long.min.map
206 silly gunzTarPerm extractEntry .travis.yml
207 silly gunzTarPerm extractEntry donate.png
208 silly gunzTarPerm extractEntry externs/Long.js
209 silly gunzTarPerm extractEntry jsdoc.json
210 silly gunzTarPerm extractEntry src/Long.js
211 silly gunzTarPerm extractEntry src/wrap.js
212 silly gunzTarPerm extractEntry src/bower.json
213 silly gunzTarPerm extractEntry Long.png
214 silly gunzTarPerm extractEntry scripts/build.js
215 silly gunzTarPerm extractEntry tests/goog.math.long.js
216 silly gentlyRm C:\Users\Frank Wei\Desktop\largescale\large_scale_final_project\node_modules\.staging\instauuid-64d0c856\node_modules is being purged
217 verbose gentlyRm don't care about contents; nuking C:\Users\Frank Wei\Desktop\largescale\large_scale_final_project\node_modules\.staging\instauuid-64d0c856\node_modules
218 silly gunzTarPerm extractEntry tests/suite.js
219 silly gentlyRm C:\Users\Frank Wei\Desktop\largescale\large_scale_final_project\node_modules\.staging\long-509632f6\node_modules is being purged
220 verbose gentlyRm don't care about contents; nuking C:\Users\Frank Wei\Desktop\largescale\large_scale_final_project\node_modules\.staging\long-509632f6\node_modules
221 silly doParallel preinstall 2
222 silly preinstall long@2.4.0
223 info lifecycle long@2.4.0~preinstall: long@2.4.0
224 silly preinstall instauuid@1.0.4
225 info lifecycle instauuid@1.0.4~preinstall: instauuid@1.0.4
226 silly lifecycle long@2.4.0~preinstall: no script for preinstall, continuing
227 silly lifecycle instauuid@1.0.4~preinstall: no script for preinstall, continuing
228 silly doReverseSerial remove 0
229 silly doSerial move 0
230 silly doSerial finalize 2
231 silly finalize C:\Users\Frank Wei\Desktop\largescale\large_scale_final_project\node_modules\long
232 silly finalize C:\Users\Frank Wei\Desktop\largescale\large_scale_final_project\node_modules\instauuid
233 silly doSerial build 2
234 silly build long@2.4.0
235 info linkStuff long@2.4.0
236 silly linkStuff long@2.4.0 has C:\Users\Frank Wei\Desktop\largescale\large_scale_final_project\node_modules as its parent node_modules
237 verbose linkBins long@2.4.0
238 verbose linkMans long@2.4.0
239 silly build instauuid@1.0.4
240 info linkStuff instauuid@1.0.4
241 silly linkStuff instauuid@1.0.4 has C:\Users\Frank Wei\Desktop\largescale\large_scale_final_project\node_modules as its parent node_modules
242 verbose linkBins instauuid@1.0.4
243 verbose linkMans instauuid@1.0.4
244 silly doSerial global-link 0
245 silly doParallel update-linked 0
246 silly doSerial install 2
247 silly install long@2.4.0
248 info lifecycle long@2.4.0~install: long@2.4.0
249 silly lifecycle long@2.4.0~install: no script for install, continuing
250 silly install instauuid@1.0.4
251 info lifecycle instauuid@1.0.4~install: instauuid@1.0.4
252 verbose lifecycle instauuid@1.0.4~install: unsafe-perm in lifecycle true
253 verbose lifecycle instauuid@1.0.4~install: PATH: C:\Program Files\nodejs\node_modules\npm\bin\node-gyp-bin;C:\Users\Frank Wei\Desktop\largescale\large_scale_final_project\node_modules\instauuid\node_modules\.bin;C:\Users\Frank Wei\Desktop\largescale\large_scale_final_project\node_modules\.bin;C:\Program Files (x86)\Common Files\Intel\Shared Libraries\redist\intel64\compiler;C:\ProgramData\Oracle\Java\javapath;C:\Windows\system32;C:\Windows;C:\Windows\System32\Wbem;C:\Windows\System32\WindowsPowerShell\v1.0\;C:\Program Files (x86)\NVIDIA Corporation\PhysX\Common;C:\Program Files (x86)\PharosSystems\Core;C:\WINDOWS\system32;C:\WINDOWS;C:\WINDOWS\System32\Wbem;C:\WINDOWS\System32\WindowsPowerShell\v1.0\;C:\Program Files\nodejs\;C:\Program Files (x86)\PuTTY\;C:\Program Files\Intel\WiFi\bin\;C:\Program Files\Common Files\Intel\WirelessCommon\;C:\Program Files\Git\cmd;C:\Python27;C:\Users\Frank Wei\AppData\Roaming\npm\;C:\curl;C:\Program Files\MongoDB\Server\3.4\bin;C:\Users\Frank Wei\AppData\Local\Programs\Python\Python36-32\Scripts\;C:\Users\Frank Wei\AppData\Local\Programs\Python\Python36-32\;C:\Program Files\Intel\WiFi\bin\;C:\Program Files\Common Files\Intel\WirelessCommon\;C:\Users\Frank Wei\AppData\Local\Microsoft\WindowsApps;"C:\Program Files\Java\jdk1.8.0_102\bin";C:\Users\Frank Wei\AppData\Local\atom\bin;%USERPROFILE%\AppData\Local\Microsoft\WindowsApps;
254 verbose lifecycle instauuid@1.0.4~install: CWD: C:\Users\Frank Wei\Desktop\largescale\large_scale_final_project\node_modules\instauuid
255 silly lifecycle instauuid@1.0.4~install: Args: [ '/d /s /c', 'node-gyp rebuild' ]
256 silly lifecycle instauuid@1.0.4~install: Returned: code: 1  signal: null
257 info lifecycle instauuid@1.0.4~install: Failed to exec install script
258 verbose unlock done using C:\Users\Frank Wei\AppData\Roaming\npm-cache\_locks\staging-9037fb476292e9f9.lock for C:\Users\Frank Wei\Desktop\largescale\large_scale_final_project\node_modules\.staging
259 silly rollbackFailedOptional Starting
260 silly gentlyRm C:\Users\Frank Wei\Desktop\largescale\large_scale_final_project\node_modules\long is being purged from base C:\Users\Frank Wei\Desktop\largescale\large_scale_final_project
261 verbose gentlyRm don't care about contents; nuking C:\Users\Frank Wei\Desktop\largescale\large_scale_final_project\node_modules\long
262 silly gentlyRm C:\Users\Frank Wei\Desktop\largescale\large_scale_final_project\node_modules\long is being purged from base C:\Users\Frank Wei\Desktop\largescale\large_scale_final_project
263 verbose gentlyRm don't care about contents; nuking C:\Users\Frank Wei\Desktop\largescale\large_scale_final_project\node_modules\long
264 silly gentlyRm C:\Users\Frank Wei\Desktop\largescale\large_scale_final_project\node_modules\long is being purged from base C:\Users\Frank Wei\Desktop\largescale\large_scale_final_project
265 verbose gentlyRm don't care about contents; nuking C:\Users\Frank Wei\Desktop\largescale\large_scale_final_project\node_modules\long
266 silly gentlyRm C:\Users\Frank Wei\Desktop\largescale\large_scale_final_project\node_modules\long is being purged from base C:\Users\Frank Wei\Desktop\largescale\large_scale_final_project
267 verbose gentlyRm don't care about contents; nuking C:\Users\Frank Wei\Desktop\largescale\large_scale_final_project\node_modules\long
268 silly gentlyRm C:\Users\Frank Wei\Desktop\largescale\large_scale_final_project\node_modules\long is being purged from base C:\Users\Frank Wei\Desktop\largescale\large_scale_final_project
269 verbose gentlyRm don't care about contents; nuking C:\Users\Frank Wei\Desktop\largescale\large_scale_final_project\node_modules\long
270 silly gentlyRm C:\Users\Frank Wei\Desktop\largescale\large_scale_final_project\node_modules\long is being purged from base C:\Users\Frank Wei\Desktop\largescale\large_scale_final_project
271 verbose gentlyRm don't care about contents; nuking C:\Users\Frank Wei\Desktop\largescale\large_scale_final_project\node_modules\long
272 silly gentlyRm C:\Users\Frank Wei\Desktop\largescale\large_scale_final_project\node_modules\long is being purged from base C:\Users\Frank Wei\Desktop\largescale\large_scale_final_project
273 verbose gentlyRm don't care about contents; nuking C:\Users\Frank Wei\Desktop\largescale\large_scale_final_project\node_modules\long
274 silly gentlyRm C:\Users\Frank Wei\Desktop\largescale\large_scale_final_project\node_modules\long is being purged from base C:\Users\Frank Wei\Desktop\largescale\large_scale_final_project
275 verbose gentlyRm don't care about contents; nuking C:\Users\Frank Wei\Desktop\largescale\large_scale_final_project\node_modules\long
276 silly gentlyRm C:\Users\Frank Wei\Desktop\largescale\large_scale_final_project\node_modules\instauuid is being purged from base C:\Users\Frank Wei\Desktop\largescale\large_scale_final_project
277 verbose gentlyRm don't care about contents; nuking C:\Users\Frank Wei\Desktop\largescale\large_scale_final_project\node_modules\instauuid
278 silly gentlyRm C:\Users\Frank Wei\Desktop\largescale\large_scale_final_project\node_modules\instauuid is being purged from base C:\Users\Frank Wei\Desktop\largescale\large_scale_final_project
279 verbose gentlyRm don't care about contents; nuking C:\Users\Frank Wei\Desktop\largescale\large_scale_final_project\node_modules\instauuid
280 silly gentlyRm C:\Users\Frank Wei\Desktop\largescale\large_scale_final_project\node_modules\instauuid is being purged from base C:\Users\Frank Wei\Desktop\largescale\large_scale_final_project
281 verbose gentlyRm don't care about contents; nuking C:\Users\Frank Wei\Desktop\largescale\large_scale_final_project\node_modules\instauuid
282 silly gentlyRm C:\Users\Frank Wei\Desktop\largescale\large_scale_final_project\node_modules\instauuid is being purged from base C:\Users\Frank Wei\Desktop\largescale\large_scale_final_project
283 verbose gentlyRm don't care about contents; nuking C:\Users\Frank Wei\Desktop\largescale\large_scale_final_project\node_modules\instauuid
284 silly gentlyRm C:\Users\Frank Wei\Desktop\largescale\large_scale_final_project\node_modules\instauuid is being purged from base C:\Users\Frank Wei\Desktop\largescale\large_scale_final_project
285 verbose gentlyRm don't care about contents; nuking C:\Users\Frank Wei\Desktop\largescale\large_scale_final_project\node_modules\instauuid
286 silly gentlyRm C:\Users\Frank Wei\Desktop\largescale\large_scale_final_project\node_modules\instauuid is being purged from base C:\Users\Frank Wei\Desktop\largescale\large_scale_final_project
287 verbose gentlyRm don't care about contents; nuking C:\Users\Frank Wei\Desktop\largescale\large_scale_final_project\node_modules\instauuid
288 silly gentlyRm C:\Users\Frank Wei\Desktop\largescale\large_scale_final_project\node_modules\instauuid is being purged from base C:\Users\Frank Wei\Desktop\largescale\large_scale_final_project
289 verbose gentlyRm don't care about contents; nuking C:\Users\Frank Wei\Desktop\largescale\large_scale_final_project\node_modules\instauuid
290 silly gentlyRm C:\Users\Frank Wei\Desktop\largescale\large_scale_final_project\node_modules\instauuid is being purged from base C:\Users\Frank Wei\Desktop\largescale\large_scale_final_project
291 verbose gentlyRm don't care about contents; nuking C:\Users\Frank Wei\Desktop\largescale\large_scale_final_project\node_modules\instauuid
292 silly vacuum-fs purging C:\Users\Frank Wei\Desktop\largescale\large_scale_final_project\node_modules\long
293 silly vacuum-fs purging C:\Users\Frank Wei\Desktop\largescale\large_scale_final_project\node_modules\long
294 silly vacuum-fs purging C:\Users\Frank Wei\Desktop\largescale\large_scale_final_project\node_modules\long
295 silly vacuum-fs purging C:\Users\Frank Wei\Desktop\largescale\large_scale_final_project\node_modules\long
296 silly vacuum-fs purging C:\Users\Frank Wei\Desktop\largescale\large_scale_final_project\node_modules\long
297 silly vacuum-fs purging C:\Users\Frank Wei\Desktop\largescale\large_scale_final_project\node_modules\long
298 silly vacuum-fs purging C:\Users\Frank Wei\Desktop\largescale\large_scale_final_project\node_modules\long
299 silly vacuum-fs purging C:\Users\Frank Wei\Desktop\largescale\large_scale_final_project\node_modules\long
300 silly vacuum-fs purging C:\Users\Frank Wei\Desktop\largescale\large_scale_final_project\node_modules\instauuid
301 silly vacuum-fs purging C:\Users\Frank Wei\Desktop\largescale\large_scale_final_project\node_modules\instauuid
302 silly vacuum-fs purging C:\Users\Frank Wei\Desktop\largescale\large_scale_final_project\node_modules\instauuid
303 silly vacuum-fs purging C:\Users\Frank Wei\Desktop\largescale\large_scale_final_project\node_modules\instauuid
304 silly vacuum-fs purging C:\Users\Frank Wei\Desktop\largescale\large_scale_final_project\node_modules\instauuid
305 silly vacuum-fs purging C:\Users\Frank Wei\Desktop\largescale\large_scale_final_project\node_modules\instauuid
306 silly vacuum-fs purging C:\Users\Frank Wei\Desktop\largescale\large_scale_final_project\node_modules\instauuid
307 silly vacuum-fs purging C:\Users\Frank Wei\Desktop\largescale\large_scale_final_project\node_modules\instauuid
308 silly vacuum-fs quitting because other entries in C:\Users\Frank Wei\Desktop\largescale\large_scale_final_project\node_modules
309 silly vacuum-fs quitting because other entries in C:\Users\Frank Wei\Desktop\largescale\large_scale_final_project\node_modules
310 silly vacuum-fs quitting because other entries in C:\Users\Frank Wei\Desktop\largescale\large_scale_final_project\node_modules
311 silly vacuum-fs quitting because other entries in C:\Users\Frank Wei\Desktop\largescale\large_scale_final_project\node_modules
312 silly vacuum-fs quitting because other entries in C:\Users\Frank Wei\Desktop\largescale\large_scale_final_project\node_modules
313 silly vacuum-fs quitting because other entries in C:\Users\Frank Wei\Desktop\largescale\large_scale_final_project\node_modules
314 silly vacuum-fs quitting because other entries in C:\Users\Frank Wei\Desktop\largescale\large_scale_final_project\node_modules
315 silly vacuum-fs quitting because other entries in C:\Users\Frank Wei\Desktop\largescale\large_scale_final_project\node_modules
316 silly vacuum-fs quitting because other entries in C:\Users\Frank Wei\Desktop\largescale\large_scale_final_project\node_modules
317 silly vacuum-fs quitting because other entries in C:\Users\Frank Wei\Desktop\largescale\large_scale_final_project\node_modules
318 silly vacuum-fs quitting because other entries in C:\Users\Frank Wei\Desktop\largescale\large_scale_final_project\node_modules
319 silly vacuum-fs quitting because other entries in C:\Users\Frank Wei\Desktop\largescale\large_scale_final_project\node_modules
320 silly vacuum-fs quitting because other entries in C:\Users\Frank Wei\Desktop\largescale\large_scale_final_project\node_modules
321 silly vacuum-fs quitting because other entries in C:\Users\Frank Wei\Desktop\largescale\large_scale_final_project\node_modules
322 silly vacuum-fs quitting because other entries in C:\Users\Frank Wei\Desktop\largescale\large_scale_final_project\node_modules
323 silly vacuum-fs quitting because other entries in C:\Users\Frank Wei\Desktop\largescale\large_scale_final_project\node_modules
324 silly rollbackFailedOptional Finishing
325 silly runTopLevelLifecycles Finishing
326 silly install printInstalled
327 warn large_scale_final_project@1.0.0 No description
328 verbose If you need help, you may report this error at:
328 verbose     <https://github.com/npm/npm/issues>
329 verbose stack Error: instauuid@1.0.4 install: `node-gyp rebuild`
329 verbose stack Exit status 1
329 verbose stack     at EventEmitter.<anonymous> (C:\Program Files\nodejs\node_modules\npm\lib\utils\lifecycle.js:279:16)
329 verbose stack     at emitTwo (events.js:106:13)
329 verbose stack     at EventEmitter.emit (events.js:191:7)
329 verbose stack     at ChildProcess.<anonymous> (C:\Program Files\nodejs\node_modules\npm\lib\utils\spawn.js:40:14)
329 verbose stack     at emitTwo (events.js:106:13)
329 verbose stack     at ChildProcess.emit (events.js:191:7)
329 verbose stack     at maybeClose (internal/child_process.js:885:16)
329 verbose stack     at Process.ChildProcess._handle.onexit (internal/child_process.js:226:5)
330 verbose pkgid instauuid@1.0.4
331 verbose cwd C:\Users\Frank Wei\Desktop\largescale\large_scale_final_project
332 error Windows_NT 10.0.16299
333 error argv "C:\\Program Files\\nodejs\\node.exe" "C:\\Program Files\\nodejs\\node_modules\\npm\\bin\\npm-cli.js" "install" "instauuid"
334 error node v7.4.0
335 error npm  v4.0.5
336 error code ELIFECYCLE
337 error instauuid@1.0.4 install: `node-gyp rebuild`
337 error Exit status 1
338 error Failed at the instauuid@1.0.4 install script 'node-gyp rebuild'.
338 error Make sure you have the latest version of node.js and npm installed.
338 error If you do, this is most likely a problem with the instauuid package,
338 error not with npm itself.
338 error Tell the author that this fails on your system:
338 error     node-gyp rebuild
338 error You can get information on how to open an issue for this project with:
338 error     npm bugs instauuid
338 error Or if that isn't available, you can get their info via:
338 error     npm owner ls instauuid
338 error There is likely additional logging output above.
339 verbose exit [ 1, true ]
